mihailkrukov@Mihails-MacBook-Pro aave-protocol-v2 % yarn aave:matic:full:migration:add-registry
yarn run v1.22.17
warning package.json: License should be a valid SPDX license expression
$ npm run compile && npm run hardhat:matic -- aave:mainnet

> @aave/protocol-v2@1.0.1 compile
> SKIP_LOAD=true hardhat compile

Nothing to compile
Creating Typechain artifacts in directory types for target ethers-v5
Successfully generated Typechain artifacts!

> @aave/protocol-v2@1.0.1 hardhat:matic
> hardhat --network matic "aave:mainnet"

- Enviroment
  - Network : matic
Migration started

1. Deploy address provider
WaitForTx: 0x1e7e6538c6701fbb38c99de085395939a0e6f075b39cb2ba0233fa09e1d24ed3
*** LendingPoolAddressesProvider ***

Network: matic
tx: 0x1e7e6538c6701fbb38c99de085395939a0e6f075b39cb2ba0233fa09e1d24ed3
contract address: 0x750a6f94C5A1ca8E5CDBa125502EDdEDaD0BE4d7
deployer address: 0x46b7E90Db88f0c79905A7349BE4caF67bd897879
gas price: 35000000000
gas used: 1604832

******

- Deploying a new Address Providers Registry:
prior dre
Deployer: 0x46b7E90Db88f0c79905A7349BE4caF67bd897879 9.94383088
Signer 0x46b7E90Db88f0c79905A7349BE4caF67bd897879
Balance 9.94383088
WaitForTx: 0x5463578bb6af573a950ad6db2a6e4465012f9ccaee8ccc63916bd7e3914d8be8
*** LendingPoolAddressesProviderRegistry ***

Network: matic
tx: 0x5463578bb6af573a950ad6db2a6e4465012f9ccaee8ccc63916bd7e3914d8be8
contract address: 0x9cBC713d37db6D7997a91A7Be9A99FEB689B6392
deployer address: 0x46b7E90Db88f0c79905A7349BE4caF67bd897879
gas price: 35000000000
gas used: 543411

******

Deployed Registry Address: 0x9cBC713d37db6D7997a91A7Be9A99FEB689B6392
getLendingPoolAddressesProvider: LendingPoolAddressesProvider.matic
WaitForTx: 0xfa3343c0d0bdbcdd2fbe617104afa8ccefc74a3d46f9db04ecb3f367dd8aa3c7
Added LendingPoolAddressesProvider with address "0x750a6f94C5A1ca8E5CDBa125502EDdEDaD0BE4d7" to registry located at 0x9cBC713d37db6D7997a91A7Be9A99FEB689B6392
WaitForTx: 0x08af059039b7593c34d3bdf60123dfd26fa8dd6d3e11c53ca05f695dfaaf19bc
WaitForTx: 0xdba76dc220f9ca35d4837c14ecf175ce66deb32bdd2a7f6b3e1cfe44e369fd99
Pool Admin 0x46b7E90Db88f0c79905A7349BE4caF67bd897879
Emergency Admin 0x4a204b23bfc147c0cB0bCA135A25A2ABa767F7f7
2. Deploy lending pool
getLendingPoolAddressesProvider: LendingPoolAddressesProvider.matic
        Deploying new lending pool implementation & libraries...
WaitForTx: 0x67a5bc129e003e2cd403b813e3b5ee079dc82da78c456a9a65098546c3741491
*** ReserveLogic ***

Network: matic
tx: 0x67a5bc129e003e2cd403b813e3b5ee079dc82da78c456a9a65098546c3741491
contract address: 0x99aE9bd82574469372B31460452358adadB33674
deployer address: 0x46b7E90Db88f0c79905A7349BE4caF67bd897879
gas price: 35000000000
gas used: 176603

******

WaitForTx: 0xc6bb0841b4a1384bc2a7352f16e44eccaeb2606d019978158ebc2beddd1c1325
*** GenericLogic ***

Network: matic
tx: 0xc6bb0841b4a1384bc2a7352f16e44eccaeb2606d019978158ebc2beddd1c1325
contract address: 0xE6773819e8EbF81f1176A5c6779CD504acD56aAB
deployer address: 0x46b7E90Db88f0c79905A7349BE4caF67bd897879
gas price: 35000000000
gas used: 855592

******

WaitForTx: 0x1ee135016ecceb182a50c3a081ef44606a782d14e20e035d2031d5af62c5fe7e
*** ValidationLogic ***

Network: matic
tx: 0x1ee135016ecceb182a50c3a081ef44606a782d14e20e035d2031d5af62c5fe7e
contract address: 0x7Ddf23CE1fa75D6162f75aC761C392FCaD0422AD
deployer address: 0x46b7E90Db88f0c79905A7349BE4caF67bd897879
gas price: 35000000000
gas used: 1838521

******

WaitForTx: 0x1efc1162d15b29b2271ef7066ae442df16d4cba7cc729337bd402024885932e7
*** LendingPool ***

Network: matic
tx: 0x1efc1162d15b29b2271ef7066ae442df16d4cba7cc729337bd402024885932e7
contract address: 0x98dC13b3e5A4485515eE7a9C85F9a64286EF309b
deployer address: 0x46b7E90Db88f0c79905A7349BE4caF67bd897879
gas price: 35000000000
gas used: 4797736

******

        Setting lending pool implementation with address: 0x98dC13b3e5A4485515eE7a9C85F9a64286EF309b
WaitForTx: 0x0ef617b6d9c2ab0795b8ea95b2a24254bd21cda1db7f294e1b4a4aea95fbe916
        Deploying new configurator implementation...
WaitForTx: 0xeb21cfc557474b5ad5e587c9f3532ad66ebdda4f85b67f7a77bbb3dfeb0ae44a
*** LendingPoolConfigurator ***

Network: matic
tx: 0xeb21cfc557474b5ad5e587c9f3532ad66ebdda4f85b67f7a77bbb3dfeb0ae44a
contract address: 0x65b45B6296Eb37384e0f61Cc8A24c6aCaC630Dab
deployer address: 0x46b7E90Db88f0c79905A7349BE4caF67bd897879
gas price: 35000000000
gas used: 3484625

******

        Setting lending pool configurator implementation with address: 0x65b45B6296Eb37384e0f61Cc8A24c6aCaC630Dab
WaitForTx: 0x76a5a8caa42f1a6938a6e52038917940423ea5097b480574d35de8f1372d3258
WaitForTx: 0x50a2ffecae68950d5cd5c6c6f63557bf5e941f86a87d1d95892f06de8ff7b66c
WaitForTx: 0x8a7a5c8e20bdb6af464040032877ebb211a26eb3ba0b1ed125f43720c4ad743c
*** StableAndVariableTokensHelper ***

Network: matic
tx: 0x8a7a5c8e20bdb6af464040032877ebb211a26eb3ba0b1ed125f43720c4ad743c
contract address: 0x94D463E848381031Acd65376379f1f486f867fB3
deployer address: 0x46b7E90Db88f0c79905A7349BE4caF67bd897879
gas price: 35000000000
gas used: 3699874

******

WaitForTx: 0x6027009c73f4c58598c6c1aec9c54be28683d1db5063c6334a95f4d9e59df86a
*** ATokensAndRatesHelper ***

Network: matic
tx: 0x6027009c73f4c58598c6c1aec9c54be28683d1db5063c6334a95f4d9e59df86a
contract address: 0xe11FA4E3082eEdAC5ad5588507Daf8d4a92b1852
deployer address: 0x46b7E90Db88f0c79905A7349BE4caF67bd897879
gas price: 35000000000
gas used: 3792708

******

Deploying implementation AToken
WaitForTx: 0xea5999154d70fa4c64c245e73f7def35d29c66353bbd38d2314e31ba59373860
*** AToken ***

Network: matic
tx: 0xea5999154d70fa4c64c245e73f7def35d29c66353bbd38d2314e31ba59373860
contract address: 0x574dB8aF981B7b94A5BB3aDa6F38C5e0f7d9494A
deployer address: 0x46b7E90Db88f0c79905A7349BE4caF67bd897879
gas price: 35000000000
gas used: 2325625

******

WaitForTx: 0x2eda316629834728f219c53f9d9b4c3ededd0c5e9f4964bae629df089ef7bbba
*** StableDebtToken ***

Network: matic
tx: 0x2eda316629834728f219c53f9d9b4c3ededd0c5e9f4964bae629df089ef7bbba
contract address: 0x1e84eA87812180277e05c2ECD429331aeCb91d41
deployer address: 0x46b7E90Db88f0c79905A7349BE4caF67bd897879
gas price: 35000000000
gas used: 1716647

******

WaitForTx: 0x798032b35373144aafd3fa4ea7ef69af34e1a65e4808cc5edc02ec9312c6e226
*** VariableDebtToken ***

Network: matic
tx: 0x798032b35373144aafd3fa4ea7ef69af34e1a65e4808cc5edc02ec9312c6e226
contract address: 0x42Fe4d52893fe8646a959367580288b90190dCcd
deployer address: 0x46b7E90Db88f0c79905A7349BE4caF67bd897879
gas price: 35000000000
gas used: 1421292

******

3. Deploy oracles
getLendingPoolAddressesProvider: LendingPoolAddressesProvider.matic
assetsWithoutQuoteCurrency {
  DAI: '0x8f3cf7ad23cd3cadbd9735aff958023239c6a063',
  USDC: '0x2791bca1f2de4661ed88a30c99a7a9449aa84174',
  FRAX: '0x45c32fa6df82ead1e2ef74d17b76547eddfaff89',
  WBTC: '0x1bfd67037b42cf73acf2047067bd4f2c47d9bfd6'
} {
  DAI: '0xFC539A559e170f848323e19dfD66007520510085',
  USDC: '0xfE4A8cc5b5B2366C1B58Bea3858e81843581b2F7',
  FRAX: '0x00DBeB1e45485d53DF7C2F0dF1Aa0b6Dc30311d3',
  WETH: '0xAB594600376Ec9fD91F8e885dADF0CE036862dE0',
  WBTC: '0xDE31F8bFBD8c84b5360CFACCa3539B938dd78ae6'
}
WaitForTx: 0x3845e6677f3eae35d2478f5ccb31c7eaa0530d819224e6a7d5d47e10808d69bc
*** AaveOracle ***

Network: matic
tx: 0x3845e6677f3eae35d2478f5ccb31c7eaa0530d819224e6a7d5d47e10808d69bc
contract address: 0xD0aa56822104A33bf9A2f5ba2931ae84Aa37A57e
deployer address: 0x46b7E90Db88f0c79905A7349BE4caF67bd897879
gas price: 35000000000
gas used: 600151

******

WaitForTx: 0xcfb20da9521d7f661ed8968d586a64c61645585d048e30f91db227bb4e3d6619
WaitForTx: 0x80f2288093c23f1f7da2072e3ce4ecbb9986d7521253228a97d4d87070f6c014
*** LendingRateOracle ***

Network: matic
tx: 0x80f2288093c23f1f7da2072e3ce4ecbb9986d7521253228a97d4d87070f6c014
contract address: 0x77A4e07c458087D8AcB90A68cC9acFE7308a8648
deployer address: 0x46b7E90Db88f0c79905A7349BE4caF67bd897879
gas price: 35000000000
gas used: 345146

******

WaitForTx: 0xe1453434bbc9c0c1b79b8511afe5c81f0fc6ba46ee5e481a1cf64ecdd9455337
- Oracle borrow initalization in 1 txs
WaitForTx: 0x559782dcab8cc8edbf5243773fd669986fb362a97eb1ac653cb150869951396f
  - Setted Oracle Borrow Rates for: DAI, USDC, FRAX, WETH, WBTC
WaitForTx: 0x112dc4297dfd76cc96344aec1ba400c0a0e1713fa9c03fe02d2ce3120747b0cb
Aave Oracle: 0xD0aa56822104A33bf9A2f5ba2931ae84Aa37A57e
Lending Rate Oracle: 0x77A4e07c458087D8AcB90A68cC9acFE7308a8648
WaitForTx: 0x5b6db758413eaaf0523d18d1cfa40310539aa9fe7f0cf5fe9122f808731cc9ce
WaitForTx: 0x6dad7a1d97fc483740165e04a3c31b09678b84e4a0eb49b99b8e57946898f9eb
4. Deploy Data Provider
getLendingPoolAddressesProvider: LendingPoolAddressesProvider.matic
WaitForTx: 0xbd2f5ed94bb43c2d4325287331e2733c3722fded1f620837980ed04ff2c52919
*** AaveProtocolDataProvider ***

Network: matic
tx: 0xbd2f5ed94bb43c2d4325287331e2733c3722fded1f620837980ed04ff2c52919
contract address: 0x1868d22fE2643371bfa356c502Edf230fd1beffd
deployer address: 0x46b7E90Db88f0c79905A7349BE4caF67bd897879
gas price: 35000000000
gas used: 1555854

******

5. Deploy WETH Gateway
deployWETHGateway 0x0000000000000000000000000000000000001010
WaitForTx: 0x44dde8491c7e7dc87d5cef5c5ce50ebcad44c826a2200d008266c43c99d0e50b
*** WETHGateway ***

Network: matic
tx: 0x44dde8491c7e7dc87d5cef5c5ce50ebcad44c826a2200d008266c43c99d0e50b
contract address: 0x229DDD5Afa33Cc825cBBA11c9673eC90bf10460f
deployer address: 0x46b7E90Db88f0c79905A7349BE4caF67bd897879
gas price: 35000000000
gas used: 1217391

******

WETHGateway.address 0x229DDD5Afa33Cc825cBBA11c9673eC90bf10460f
        Finished WETHGateway deployment
6. Initialize lending pool
getLendingPoolAddressesProvider: LendingPoolAddressesProvider.matic
getLendingPoolAddressesProvider: LendingPoolAddressesProvider.matic
WaitForTx: 0x5a4640c890f80374ae111519c99f93b27ccdbfe8286d82f21032f4c6988a9db9
*** DefaultReserveInterestRateStrategy ***

Network: matic
tx: 0x5a4640c890f80374ae111519c99f93b27ccdbfe8286d82f21032f4c6988a9db9
contract address: 0xd46fcF9f3bC734dc4c66Aa03b8afC8843973CeD7
deployer address: 0x46b7E90Db88f0c79905A7349BE4caF67bd897879
gas price: 35000000000
gas used: 790705

******

AToken
WaitForTx: 0x1ae94f219be56a8ea1a6c87645e35986f99012973e5dff63fed7eeb6f60fee17
*** DefaultReserveInterestRateStrategy ***

Network: matic
tx: 0x1ae94f219be56a8ea1a6c87645e35986f99012973e5dff63fed7eeb6f60fee17
contract address: 0x4a7c0123E09962A6562208728DEd9804A17E4C07
deployer address: 0x46b7E90Db88f0c79905A7349BE4caF67bd897879
gas price: 35000000000
gas used: 790705

******

AToken
WaitForTx: 0xeb7841a0873730ebc44d66bd43ce1b399e4fed86695687fdd3b3d1110625ac7a
*** DefaultReserveInterestRateStrategy ***

Network: matic
tx: 0xeb7841a0873730ebc44d66bd43ce1b399e4fed86695687fdd3b3d1110625ac7a
contract address: 0xc06E33Ab4412aC15eFCF992528918E8E1beB8974
deployer address: 0x46b7E90Db88f0c79905A7349BE4caF67bd897879
gas price: 35000000000
gas used: 790501

******

AToken
- Skipping init of WFTM due token address is not set at markets config
WaitForTx: 0xe52c478a13c019e59a81a30871367c512e0d7a5133419bc49c46deff8ab23970
*** DefaultReserveInterestRateStrategy ***

Network: matic
tx: 0xe52c478a13c019e59a81a30871367c512e0d7a5133419bc49c46deff8ab23970
contract address: 0xE7cb21FE6A400BF1F950D75d3E8fFBca91EB2114
deployer address: 0x46b7E90Db88f0c79905A7349BE4caF67bd897879
gas price: 35000000000
gas used: 790705

******

AToken
WaitForTx: 0x0637aa5e2a035b6732272aa68d28cbb9c7ba433f06fe1eebc01235714d6fe7b7
*** DefaultReserveInterestRateStrategy ***

Network: matic
tx: 0x0637aa5e2a035b6732272aa68d28cbb9c7ba433f06fe1eebc01235714d6fe7b7
contract address: 0x10b5bC237474e1f2D98d1d8dEC81d7379870dBd8
deployer address: 0x46b7E90Db88f0c79905A7349BE4caF67bd897879
gas price: 35000000000
gas used: 790705

******

AToken
- Reserves initialization in 5 txs
ChunkedInitInputParams: [
  {
    aTokenImpl: '0x574dB8aF981B7b94A5BB3aDa6F38C5e0f7d9494A',
    stableDebtTokenImpl: '0x1e84eA87812180277e05c2ECD429331aeCb91d41',
    variableDebtTokenImpl: '0x42Fe4d52893fe8646a959367580288b90190dCcd',
    underlyingAssetDecimals: '18',
    interestRateStrategyAddress: '0xd46fcF9f3bC734dc4c66Aa03b8afC8843973CeD7',
    underlyingAsset: '0x8f3cf7ad23cd3cadbd9735aff958023239c6a063',
    treasury: '0x80ca26A41120fFCCA849D83911F566268e78534b',
    incentivesController: '0x0000000000000000000000000000000000000000',
    underlyingAssetName: 'DAI',
    aTokenName: 'Aave interest bearing DAI',
    aTokenSymbol: 'aDAI',
    variableDebtTokenName: 'Aave variable debt bearing DAI',
    variableDebtTokenSymbol: 'variableDebtDAI',
    stableDebtTokenName: 'Aave stable debt bearing DAI',
    stableDebtTokenSymbol: 'stableDebtDAI',
    params: '0x10'
  }
]
WaitForTx: 0x47c14fa6fb146fda9232d56607e338e18117e4c764c51a55aca6472fff279bd6
  - Reserve ready for: DAI
    * gasUsed 1994678
ChunkedInitInputParams: [
  {
    aTokenImpl: '0x574dB8aF981B7b94A5BB3aDa6F38C5e0f7d9494A',
    stableDebtTokenImpl: '0x1e84eA87812180277e05c2ECD429331aeCb91d41',
    variableDebtTokenImpl: '0x42Fe4d52893fe8646a959367580288b90190dCcd',
    underlyingAssetDecimals: '6',
    interestRateStrategyAddress: '0x4a7c0123E09962A6562208728DEd9804A17E4C07',
    underlyingAsset: '0x2791bca1f2de4661ed88a30c99a7a9449aa84174',
    treasury: '0x80ca26A41120fFCCA849D83911F566268e78534b',
    incentivesController: '0x0000000000000000000000000000000000000000',
    underlyingAssetName: 'USDC',
    aTokenName: 'Aave interest bearing USDC',
    aTokenSymbol: 'aUSDC',
    variableDebtTokenName: 'Aave variable debt bearing USDC',
    variableDebtTokenSymbol: 'variableDebtUSDC',
    stableDebtTokenName: 'Aave stable debt bearing USDC',
    stableDebtTokenSymbol: 'stableDebtUSDC',
    params: '0x10'
  }
]
WaitForTx: 0x8e5f341a9a06ccd3f31250fd8cfa76417355ed3f20e20db864c1a5743da451b5
  - Reserve ready for: USDC
    * gasUsed 1979662
ChunkedInitInputParams: [
  {
    aTokenImpl: '0x574dB8aF981B7b94A5BB3aDa6F38C5e0f7d9494A',
    stableDebtTokenImpl: '0x1e84eA87812180277e05c2ECD429331aeCb91d41',
    variableDebtTokenImpl: '0x42Fe4d52893fe8646a959367580288b90190dCcd',
    underlyingAssetDecimals: '18',
    interestRateStrategyAddress: '0xc06E33Ab4412aC15eFCF992528918E8E1beB8974',
    underlyingAsset: '0x45c32fa6df82ead1e2ef74d17b76547eddfaff89',
    treasury: '0x80ca26A41120fFCCA849D83911F566268e78534b',
    incentivesController: '0x0000000000000000000000000000000000000000',
    underlyingAssetName: 'FRAX',
    aTokenName: 'Aave interest bearing FRAX',
    aTokenSymbol: 'aFRAX',
    variableDebtTokenName: 'Aave variable debt bearing FRAX',
    variableDebtTokenSymbol: 'variableDebtFRAX',
    stableDebtTokenName: 'Aave stable debt bearing FRAX',
    stableDebtTokenSymbol: 'stableDebtFRAX',
    params: '0x10'
  }
]
WaitForTx: 0x21de65a489eef4f8325367597bba2513e42d92e680e051440c4f36588aeddd60
  - Reserve ready for: FRAX
    * gasUsed 1979662
ChunkedInitInputParams: [
  {
    aTokenImpl: '0x574dB8aF981B7b94A5BB3aDa6F38C5e0f7d9494A',
    stableDebtTokenImpl: '0x1e84eA87812180277e05c2ECD429331aeCb91d41',
    variableDebtTokenImpl: '0x42Fe4d52893fe8646a959367580288b90190dCcd',
    underlyingAssetDecimals: '18',
    interestRateStrategyAddress: '0xE7cb21FE6A400BF1F950D75d3E8fFBca91EB2114',
    underlyingAsset: '0x0d500b1d8e8ef31e21c99d1db9a6444d3adf1270',
    treasury: '0x80ca26A41120fFCCA849D83911F566268e78534b',
    incentivesController: '0x0000000000000000000000000000000000000000',
    underlyingAssetName: 'WETH',
    aTokenName: 'Aave interest bearing WETH',
    aTokenSymbol: 'aWETH',
    variableDebtTokenName: 'Aave variable debt bearing WETH',
    variableDebtTokenSymbol: 'variableDebtWETH',
    stableDebtTokenName: 'Aave stable debt bearing WETH',
    stableDebtTokenSymbol: 'stableDebtWETH',
    params: '0x10'
  }
]
WaitForTx: 0x18a1070f452d180b4bae41f37c02b6e4bd67ae985b610b34a4b8735bd16c0231
  - Reserve ready for: WETH
    * gasUsed 1979662
ChunkedInitInputParams: [
  {
    aTokenImpl: '0x574dB8aF981B7b94A5BB3aDa6F38C5e0f7d9494A',
    stableDebtTokenImpl: '0x1e84eA87812180277e05c2ECD429331aeCb91d41',
    variableDebtTokenImpl: '0x42Fe4d52893fe8646a959367580288b90190dCcd',
    underlyingAssetDecimals: '8',
    interestRateStrategyAddress: '0x10b5bC237474e1f2D98d1d8dEC81d7379870dBd8',
    underlyingAsset: '0x1bfd67037b42cf73acf2047067bd4f2c47d9bfd6',
    treasury: '0x80ca26A41120fFCCA849D83911F566268e78534b',
    incentivesController: '0x0000000000000000000000000000000000000000',
    underlyingAssetName: 'WBTC',
    aTokenName: 'Aave interest bearing WBTC',
    aTokenSymbol: 'aWBTC',
    variableDebtTokenName: 'Aave variable debt bearing WBTC',
    variableDebtTokenSymbol: 'variableDebtWBTC',
    stableDebtTokenName: 'Aave stable debt bearing WBTC',
    stableDebtTokenSymbol: 'stableDebtWBTC',
    params: '0x10'
  }
]
WaitForTx: 0x2b0fc8cc6830421a8ee4e699a86b3cea2454dfeca32319943408c2945636b601
  - Reserve ready for: WBTC
    * gasUsed 1979662
getLendingPoolAddressesProvider: LendingPoolAddressesProvider.matic
- Skipping init of WFTM due token address is not set at markets config
WaitForTx: 0xd37455e04c178c59d9f4a872c5884d5617362c2ddf324bff2476c3a11c00e9b3
- Configure reserves in 1 txs
WaitForTx: 0xe7d08ea3416e3548902b6f7f29ba9a1b7b809faeb61eb6eaa99a80ef8e80a506
  - Init for: DAI, USDC, FRAX, WETH, WBTC
WaitForTx: 0x638b854c639f305554a51951c78ec1a2ecb9e7e3e49d03b2534ccc819493b2a1
WaitForTx: 0xdfd2a231d9bcfc62f5bba4bbeeb450b0980fcd98b214c52d0484dd6946cd5a10
*** LendingPoolCollateralManager ***

Network: matic
tx: 0xdfd2a231d9bcfc62f5bba4bbeeb450b0980fcd98b214c52d0484dd6946cd5a10
contract address: 0xAD838577915CabEA797B7caD8D791b7D7C1AbF84
deployer address: 0x46b7E90Db88f0c79905A7349BE4caF67bd897879
gas price: 35000000000
gas used: 2372773

******

        Setting lending pool collateral manager implementation with address 0xAD838577915CabEA797B7caD8D791b7D7C1AbF84
WaitForTx: 0x2028c9eaecb10e494649188e3a4c90925ff0b591810cb4234eb0ae616d93bef0
        Setting AaveProtocolDataProvider at AddressesProvider at id: 0x01 0xAD838577915CabEA797B7caD8D791b7D7C1AbF84
WaitForTx: 0x2664273472bdc9118c9e2e225f1619a3721ad92a2b84d95da819008164815a58
WaitForTx: 0x02ab1e587b56b9426e6534d67c941ebd7de9d304922a75c510305b68001f758f
*** WalletBalanceProvider ***

Network: matic
tx: 0x02ab1e587b56b9426e6534d67c941ebd7de9d304922a75c510305b68001f758f
contract address: 0x41298f1172938C42e328e9075aaEB472f830BA2a
deployer address: 0x46b7E90Db88f0c79905A7349BE4caF67bd897879
gas price: 35000000000
gas used: 627128

******

WaitForTx: 0xf29f9b9d15f664e085b1cda5a6c5a7869a36db1ea744de62be5edaa0485939c8
*** UiPoolDataProvider ***

Network: matic
tx: 0xf29f9b9d15f664e085b1cda5a6c5a7869a36db1ea744de62be5edaa0485939c8
contract address: 0xD00C0F560ef543028B81Fdf96034bEDbaD06Ec26
deployer address: 0x46b7E90Db88f0c79905A7349BE4caF67bd897879
gas price: 35000000000
gas used: 1955494

******

UiPoolDataProvider deployed at: 0xD00C0F560ef543028B81Fdf96034bEDbaD06Ec26
GATEWAY 0x229DDD5Afa33Cc825cBBA11c9673eC90bf10460f
AuthorizeWETHGateway 0x229DDD5Afa33Cc825cBBA11c9673eC90bf10460f 0xD9fec257AcCf436433A2D702F73e7D7F748f1B44
Error: cannot estimate gas; transaction may fail or may require manual gas limit (error={"name":"ProviderError","code":-32000,"_isProviderError":true}, method="estimateGas", transaction={"from":"0x46b7E90Db88f0c79905A7349BE4caF67bd897879","to":"0x229DDD5Afa33Cc825cBBA11c9673eC90bf10460f","data":"0xfd149529000000000000000000000000d9fec257accf436433a2d702f73e7d7f748f1b44","accessList":null}, code=UNPREDICTABLE_GAS_LIMIT, version=providers/5.1.2)
    at Logger.makeError (/Users/mihailkrukov/Source/UwU/aave-protocol-v2/node_modules/@ethersproject/logger/src.ts/index.ts:205:28)
    at Logger.throwError (/Users/mihailkrukov/Source/UwU/aave-protocol-v2/node_modules/@ethersproject/logger/src.ts/index.ts:217:20)
    at checkError (/Users/mihailkrukov/Source/UwU/aave-protocol-v2/node_modules/@ethersproject/providers/src.ts/json-rpc-provider.ts:76:16)
    at EthersProviderWrapper.<anonymous> (/Users/mihailkrukov/Source/UwU/aave-protocol-v2/node_modules/@ethersproject/providers/src.ts/json-rpc-provider.ts:512:20)
    at step (/Users/mihailkrukov/Source/UwU/aave-protocol-v2/node_modules/@ethersproject/providers/lib/json-rpc-provider.js:48:23)
    at Object.throw (/Users/mihailkrukov/Source/UwU/aave-protocol-v2/node_modules/@ethersproject/providers/lib/json-rpc-provider.js:29:53)
    at rejected (/Users/mihailkrukov/Source/UwU/aave-protocol-v2/node_modules/@ethersproject/providers/lib/json-rpc-provider.js:21:65)
    at runMicrotasks (<anonymous>)
    at processTicksAndRejections (node:internal/process/task_queues:96:5) {
  reason: 'cannot estimate gas; transaction may fail or may require manual gas limit',
  code: 'UNPREDICTABLE_GAS_LIMIT',
  error: ProviderError: execution reverted
      at HttpProvider.request (/Users/mihailkrukov/Source/UwU/aave-protocol-v2/node_modules/hardhat/src/internal/core/providers/http.ts:46:19)
      at LocalAccountsProvider.request (/Users/mihailkrukov/Source/UwU/aave-protocol-v2/node_modules/hardhat/src/internal/core/providers/accounts.ts:142:34)
      at runMicrotasks (<anonymous>)
      at processTicksAndRejections (node:internal/process/task_queues:96:5)
      at EthersProviderWrapper.send (/Users/mihailkrukov/Source/UwU/aave-protocol-v2/node_modules/@nomiclabs/hardhat-ethers/src/internal/ethers-provider-wrapper.ts:13:20),
  method: 'estimateGas',
  transaction: {
    from: '0x46b7E90Db88f0c79905A7349BE4caF67bd897879',
    to: '0x229DDD5Afa33Cc825cBBA11c9673eC90bf10460f',
    data: '0xfd149529000000000000000000000000d9fec257accf436433a2d702f73e7d7f748f1b44',
    accessList: null
  }
}
error Command failed with exit code 1.
info Visit https://yarnpkg.com/en/docs/cli/run for documentation about this command.
mihailkrukov@Mihails-MacBook-Pro aave-protocol-v2 % 